<?xml version="1.0" encoding="UTF-8"?>
<!-- Generated by org.testng.reporters.JUnitXMLReporter -->
<testsuite ignored="3" hostname="VX-LT-0082" failures="0" tests="1" name="AddPaymentMethod" time="57.124" errors="0" timestamp="2022-11-10T11:18:47 PKT">
  <testcase classname="SiteTestCases.SettingsTests.PlanAndBillingTests.PlanAndBillingPageTests" name="AddPaymentMethod" time="54.238"/>
  <testcase classname="SiteTestCases.SettingsTests.PlanAndBillingTests.PlanAndBillingPageTests" name="EstimatedAnnualScans" time="0.0">
    <ignored/>
  </testcase> <!-- EstimatedAnnualScans -->
  <testcase classname="SiteTestCases.SettingsTests.PlanAndBillingTests.PlanAndBillingPageTests" name="UpgradePlan" time="0.0">
    <ignored/>
  </testcase> <!-- UpgradePlan -->
  <testcase classname="SiteTestCases.SettingsTests.PlanAndBillingTests.PlanAndBillingPageTests" name="PayWithCard_TC" time="0.0">
    <ignored/>
  </testcase> <!-- PayWithCard_TC -->
</testsuite> <!-- AddPaymentMethod -->
