<?xml version="1.0" encoding="UTF-8"?>
<!-- Generated by org.testng.reporters.JUnitXMLReporter -->
<testsuite ignored="1" hostname="VX-LT-0082" failures="0" tests="1" name="Analytics" time="130.372" errors="0" timestamp="2022-11-14T12:33:49 PKT">
  <testcase classname="SiteTestCases.AnalyticsTests.AnalyticsPageTests" name="Analytics" time="127.032"/>
  <testcase classname="SiteTestCases.AnalyticsTests.AnalyticsPageTests" name="GlobalSearch" time="0.0">
    <ignored/>
  </testcase> <!-- GlobalSearch -->
</testsuite> <!-- Analytics -->
