<?xml version="1.0" encoding="UTF-8"?>
<!-- Generated by org.testng.reporters.JUnitXMLReporter -->
<testsuite ignored="3" hostname="VX-LT-0082" failures="0" tests="1" name="EstimatedAnnualScans" time="37.768" errors="0" timestamp="2022-11-10T11:19:25 PKT">
  <testcase classname="SiteTestCases.SettingsTests.PlanAndBillingTests.PlanAndBillingPageTests" name="EstimatedAnnualScans" time="35.038"/>
  <testcase classname="SiteTestCases.SettingsTests.PlanAndBillingTests.PlanAndBillingPageTests" name="UpgradePlan" time="0.0">
    <ignored/>
  </testcase> <!-- UpgradePlan -->
  <testcase classname="SiteTestCases.SettingsTests.PlanAndBillingTests.PlanAndBillingPageTests" name="PayWithCard_TC" time="0.0">
    <ignored/>
  </testcase> <!-- PayWithCard_TC -->
  <testcase classname="SiteTestCases.SettingsTests.PlanAndBillingTests.PlanAndBillingPageTests" name="AddPaymentMethod" time="0.0">
    <ignored/>
  </testcase> <!-- AddPaymentMethod -->
</testsuite> <!-- EstimatedAnnualScans -->
