<?xml version="1.0" encoding="UTF-8"?>
<!-- Generated by org.testng.reporters.JUnitXMLReporter -->
<testsuite ignored="29" hostname="VX-LT-0082" failures="1" tests="1" name="UploadCSVEditUploadMerge" time="85.621" errors="0" timestamp="2022-11-28T13:12:31 PKT">
  <testcase classname="SiteTestCases.RecipientsTests.RecipientsPageTests" name="UploadCSVEditUploadMerge" time="66.866">
    <failure type="java.lang.IllegalStateException" message="cannot open system clipboard">
      <![CDATA[java.lang.IllegalStateException: cannot open system clipboard
at java.desktop/sun.awt.windows.WClipboard.openClipboard(Native Method)
at java.desktop/sun.awt.windows.WClipboard.setContentsNative(WClipboard.java:75)
at java.desktop/sun.awt.datatransfer.SunClipboard.setContents(SunClipboard.java:105)
at SiteElements.SiteActions.uploadAndAttachFile_RecipientCSV(SiteActions.java:181)
at Recipients.RecipientsPage.attachFileRecipientCSV(RecipientsPage.java:972)
at Recipients.RecipientsPage.uploadCSV(RecipientsPage.java:469)
at SiteTestCases.RecipientsTests.RecipientsPageTests.UploadCSVEditUploadMerge(RecipientsPageTests.java:223)
at java.base/java.util.ArrayList.forEach(ArrayList.java:1511)
... Removed 27 stack frames]]>
    </failure>
  </testcase> <!-- UploadCSVEditUploadMerge -->
  <testcase classname="SiteTestCases.RecipientsTests.RecipientsPageTests" name="UploadCSVDuplicateEmail" time="0.0">
    <ignored/>
  </testcase> <!-- UploadCSVDuplicateEmail -->
  <testcase classname="SiteTestCases.RecipientsTests.RecipientsPageTests" name="UploadCSVUpdateMerge" time="0.0">
    <ignored/>
  </testcase> <!-- UploadCSVUpdateMerge -->
  <testcase classname="SiteTestCases.RecipientsTests.RecipientsPageTests" name="selectLocationFromDashboardSearch_TC01" time="0.0">
    <ignored/>
  </testcase> <!-- selectLocationFromDashboardSearch_TC01 -->
  <testcase classname="SiteTestCases.RecipientsTests.RecipientsPageTests" name="SuperAdminUploadCSVEditUploadMerge" time="0.0">
    <ignored/>
  </testcase> <!-- SuperAdminUploadCSVEditUploadMerge -->
  <testcase classname="SiteTestCases.RecipientsTests.RecipientsPageTests" name="UploadCSVLongAdress" time="0.0">
    <ignored/>
  </testcase> <!-- UploadCSVLongAdress -->
  <testcase classname="SiteTestCases.RecipientsTests.RecipientsPageTests" name="SuperAdminUploadCSVUpdateMerge" time="0.0">
    <ignored/>
  </testcase> <!-- SuperAdminUploadCSVUpdateMerge -->
  <testcase classname="SiteTestCases.RecipientsTests.RecipientsPageTests" name="UploadCSVInvalidEmail" time="0.0">
    <ignored/>
  </testcase> <!-- UploadCSVInvalidEmail -->
  <testcase classname="SiteTestCases.RecipientsTests.RecipientsPageTests" name="AddNewRecipientByOperator" time="0.0">
    <ignored/>
  </testcase> <!-- AddNewRecipientByOperator -->
  <testcase classname="SiteTestCases.RecipientsTests.RecipientsPageTests" name="UploadCSVUnitGroup" time="0.0">
    <ignored/>
  </testcase> <!-- UploadCSVUnitGroup -->
  <testcase classname="SiteTestCases.RecipientsTests.RecipientsPageTests" name="SuperAdminAddNewGroup" time="0.0">
    <ignored/>
  </testcase> <!-- SuperAdminAddNewGroup -->
  <testcase classname="SiteTestCases.RecipientsTests.RecipientsPageTests" name="SuperAdminUploadCSVNameEmailMissing" time="0.0">
    <ignored/>
  </testcase> <!-- SuperAdminUploadCSVNameEmailMissing -->
  <testcase classname="SiteTestCases.RecipientsTests.RecipientsPageTests" name="UploadCSVNameEmailMissing" time="0.0">
    <ignored/>
  </testcase> <!-- UploadCSVNameEmailMissing -->
  <testcase classname="SiteTestCases.RecipientsTests.RecipientsPageTests" name="SuperAdminUploadCSVEmailMissing" time="0.0">
    <ignored/>
  </testcase> <!-- SuperAdminUploadCSVEmailMissing -->
  <testcase classname="SiteTestCases.RecipientsTests.RecipientsPageTests" name="SuperAdminUploadCSVLongAdress" time="0.0">
    <ignored/>
  </testcase> <!-- SuperAdminUploadCSVLongAdress -->
  <testcase classname="SiteTestCases.RecipientsTests.RecipientsPageTests" name="ColumnPreferencesGroups" time="0.0">
    <ignored/>
  </testcase> <!-- ColumnPreferencesGroups -->
  <testcase classname="SiteTestCases.RecipientsTests.RecipientsPageTests" name="UploadCSV10000Recipients" time="0.0">
    <ignored/>
  </testcase> <!-- UploadCSV10000Recipients -->
  <testcase classname="SiteTestCases.RecipientsTests.RecipientsPageTests" name="AddCustomFields" time="0.0">
    <ignored/>
  </testcase> <!-- AddCustomFields -->
  <testcase classname="SiteTestCases.RecipientsTests.RecipientsPageTests" name="ColumnPreferencesRecipients" time="0.0">
    <ignored/>
  </testcase> <!-- ColumnPreferencesRecipients -->
  <testcase classname="SiteTestCases.RecipientsTests.RecipientsPageTests" name="UploadCSV30MinWait" time="0.0">
    <ignored/>
  </testcase> <!-- UploadCSV30MinWait -->
  <testcase classname="SiteTestCases.RecipientsTests.RecipientsPageTests" name="UploadCSVUPOverwrite" time="0.0">
    <ignored/>
  </testcase> <!-- UploadCSVUPOverwrite -->
  <testcase classname="SiteTestCases.RecipientsTests.RecipientsPageTests" name="AddNewGroup" time="0.0">
    <ignored/>
  </testcase> <!-- AddNewGroup -->
  <testcase classname="SiteTestCases.RecipientsTests.RecipientsPageTests" name="UploadCSVUPMerge" time="0.0">
    <ignored/>
  </testcase> <!-- UploadCSVUPMerge -->
  <testcase classname="SiteTestCases.RecipientsTests.RecipientsPageTests" name="AddNewRecipient" time="0.0">
    <ignored/>
  </testcase> <!-- AddNewRecipient -->
  <testcase classname="SiteTestCases.RecipientsTests.RecipientsPageTests" name="SuperAdminAddNewRecipient" time="0.0">
    <ignored/>
  </testcase> <!-- SuperAdminAddNewRecipient -->
  <testcase classname="SiteTestCases.RecipientsTests.RecipientsPageTests" name="SuperAdminUploadCSVDuplicateEmail" time="0.0">
    <ignored/>
  </testcase> <!-- SuperAdminUploadCSVDuplicateEmail -->
  <testcase classname="SiteTestCases.RecipientsTests.RecipientsPageTests" name="SuperAdminUploadCSVMerge" time="0.0">
    <ignored/>
  </testcase> <!-- SuperAdminUploadCSVMerge -->
  <testcase classname="SiteTestCases.RecipientsTests.RecipientsPageTests" name="SuperAdminUploadCSVOverwrite" time="0.0">
    <ignored/>
  </testcase> <!-- SuperAdminUploadCSVOverwrite -->
  <testcase classname="SiteTestCases.RecipientsTests.RecipientsPageTests" name="SuperAdminUploadCSVInvalidEmail" time="0.0">
    <ignored/>
  </testcase> <!-- SuperAdminUploadCSVInvalidEmail -->
  <testcase classname="SiteTestCases.RecipientsTests.RecipientsPageTests" name="UploadCSVEmailMissing" time="0.0">
    <ignored/>
  </testcase> <!-- UploadCSVEmailMissing -->
</testsuite> <!-- UploadCSVEditUploadMerge -->
