<?xml version="1.0" encoding="UTF-8"?>
<!-- Generated by org.testng.reporters.JUnitXMLReporter -->
<testsuite ignored="2" hostname="VX-LT-0082" failures="0" tests="1" name="SignInOptions_EnableMagicLink" time="8.854" errors="0" timestamp="2022-12-08T15:54:14 PKT">
  <testcase classname="BaseClasses.DriverBaseClass" name="@BeforeTest initDriver" time="8.627">
    <failure type="org.openqa.selenium.SessionNotCreatedException" message="Could not start a new session. Response code 500. Message: unknown error: Chrome failed to start: exited normally.
  (unknown error: DevToolsActivePort file doesn&amp;apos;t exist)
  (The process started from chrome location C:\Program Files\Google\Chrome\Application\chrome.exe is no longer running, so ChromeDriver is assuming that Chrome has crashed.)
Build info: version: &amp;apos;4.1.2&amp;apos;, revision: &amp;apos;9a5a329c5a&amp;apos;
System info: host: &amp;apos;VX-LT-0082&amp;apos;, ip: &amp;apos;192.168.7.239&amp;apos;, os.name: &amp;apos;Windows 10&amp;apos;, os.arch: &amp;apos;amd64&amp;apos;, os.version: &amp;apos;10.0&amp;apos;, java.version: &amp;apos;15.0.2&amp;apos;
Driver info: org.openqa.selenium.chrome.ChromeDriver
Command: [null, newSession {capabilities=[Capabilities {browserName: chrome, goog:chromeOptions: {args: [--incognito], extensions: []}}], desiredCapabilities=Capabilities {browserName: chrome, goog:chromeOptions: {args: [--incognito], extensions: []}}}]">
      <![CDATA[org.openqa.selenium.SessionNotCreatedException: Could not start a new session. Response code 500. Message: unknown error: Chrome failed to start: exited normally.
  (unknown error: DevToolsActivePort file doesn't exist)
  (The process started from chrome location C:\Program Files\Google\Chrome\Application\chrome.exe is no longer running, so ChromeDriver is assuming that Chrome has crashed.)
Build info: version: '4.1.2', revision: '9a5a329c5a'
System info: host: 'VX-LT-0082', ip: '192.168.7.239', os.name: 'Windows 10', os.arch: 'amd64', os.version: '10.0', java.version: '15.0.2'
Driver info: org.openqa.selenium.chrome.ChromeDriver
Command: [null, newSession {capabilities=[Capabilities {browserName: chrome, goog:chromeOptions: {args: [--incognito], extensions: []}}], desiredCapabilities=Capabilities {browserName: chrome, goog:chromeOptions: {args: [--incognito], extensions: []}}}]
at org.openqa.selenium.remote.ProtocolHandshake.createSession(ProtocolHandshake.java:126)
at org.openqa.selenium.remote.ProtocolHandshake.createSession(ProtocolHandshake.java:84)
at org.openqa.selenium.remote.ProtocolHandshake.createSession(ProtocolHandshake.java:62)
at org.openqa.selenium.remote.HttpCommandExecutor.execute(HttpCommandExecutor.java:156)
at org.openqa.selenium.remote.service.DriverCommandExecutor.invokeExecute(DriverCommandExecutor.java:164)
at org.openqa.selenium.remote.service.DriverCommandExecutor.execute(DriverCommandExecutor.java:139)
at org.openqa.selenium.remote.RemoteWebDriver.execute(RemoteWebDriver.java:559)
at org.openqa.selenium.remote.RemoteWebDriver.startSession(RemoteWebDriver.java:246)
at org.openqa.selenium.remote.RemoteWebDriver.<init>(RemoteWebDriver.java:168)
at org.openqa.selenium.chromium.ChromiumDriver.<init>(ChromiumDriver.java:108)
at org.openqa.selenium.chrome.ChromeDriver.<init>(ChromeDriver.java:104)
at org.openqa.selenium.chrome.ChromeDriver.<init>(ChromeDriver.java:91)
at org.openqa.selenium.chrome.ChromeDriver.<init>(ChromeDriver.java:80)
at BaseClasses.DriverBaseClass.initDriver(DriverBaseClass.java:185)
... Removed 24 stack frames]]>
    </failure>
  </testcase> <!-- @BeforeTest initDriver -->
  <testcase classname="SiteTestCases.SettingsTests.WorkflowsTests.WorkflowsPageTests" name="PreviewCustomize" time="0.0">
    <skipped/>
  </testcase> <!-- PreviewCustomize -->
  <testcase classname="SiteTestCases.SettingsTests.WorkflowsTests.WorkflowsPageTests" name="CustomizeTemplates" time="0.0">
    <ignored/>
  </testcase> <!-- CustomizeTemplates -->
  <testcase classname="SiteTestCases.SettingsTests.WorkflowsTests.WorkflowsPageTests" name="CreateNewWorkflow" time="0.0">
    <ignored/>
  </testcase> <!-- CreateNewWorkflow -->
</testsuite> <!-- SignInOptions_EnableMagicLink -->
